步骤0	当前分析栈:FUNCTIONS#	余留符号串：intmain(inta,intb){returna+b;}#	语义栈:#

步骤1	当前分析栈:FUNCTIONFUNLIST#	余留符号串：intmain(inta,intb){returna+b;}#	语义栈:#

步骤2	当前分析栈:TYPEid(ARGS)FUNC_BODYFUNLIST#	余留符号串：intmain(inta,intb){returna+b;}#	语义栈:#

步骤3	当前分析栈:intid(ARGS)FUNC_BODYFUNLIST#	余留符号串：intmain(inta,intb){returna+b;}#	语义栈:#

步骤4	当前分析栈:id(ARGS)FUNC_BODYFUNLIST#	余留符号串：main(inta,intb){returna+b;}#	语义栈:#

步骤5	当前分析栈:(ARGS)FUNC_BODYFUNLIST#	余留符号串：(inta,intb){returna+b;}#	语义栈:#

步骤6	当前分析栈:ARGS)FUNC_BODYFUNLIST#	余留符号串：inta,intb){returna+b;}#	语义栈:#

步骤7	当前分析栈:FARGSALIST)FUNC_BODYFUNLIST#	余留符号串：inta,intb){returna+b;}#	语义栈:#

步骤8	当前分析栈:TYPEidALIST)FUNC_BODYFUNLIST#	余留符号串：inta,intb){returna+b;}#	语义栈:#

步骤9	当前分析栈:intidALIST)FUNC_BODYFUNLIST#	余留符号串：inta,intb){returna+b;}#	语义栈:#

步骤10	当前分析栈:idALIST)FUNC_BODYFUNLIST#	余留符号串：a,intb){returna+b;}#	语义栈:#

步骤11	当前分析栈:ALIST)FUNC_BODYFUNLIST#	余留符号串：,intb){returna+b;}#	语义栈:#

步骤12	当前分析栈:,FARGSALIST)FUNC_BODYFUNLIST#	余留符号串：,intb){returna+b;}#	语义栈:#

步骤13	当前分析栈:FARGSALIST)FUNC_BODYFUNLIST#	余留符号串：intb){returna+b;}#	语义栈:#

步骤14	当前分析栈:TYPEidALIST)FUNC_BODYFUNLIST#	余留符号串：intb){returna+b;}#	语义栈:#

步骤15	当前分析栈:intidALIST)FUNC_BODYFUNLIST#	余留符号串：intb){returna+b;}#	语义栈:#

步骤16	当前分析栈:idALIST)FUNC_BODYFUNLIST#	余留符号串：b){returna+b;}#	语义栈:#

步骤17	当前分析栈:ALIST)FUNC_BODYFUNLIST#	余留符号串：){returna+b;}#	语义栈:#

步骤18	当前分析栈:)FUNC_BODYFUNLIST#	余留符号串：){returna+b;}#	语义栈:#

步骤19	当前分析栈:FUNC_BODYFUNLIST#	余留符号串：{returna+b;}#	语义栈:#

步骤20	当前分析栈:{STMTS}FUNLIST#	余留符号串：{returna+b;}#	语义栈:#

步骤21	当前分析栈:STMTS}FUNLIST#	余留符号串：returna+b;}#	语义栈:#

步骤22	当前分析栈:STMTSTMTS}FUNLIST#	余留符号串：returna+b;}#	语义栈:#

步骤23	当前分析栈:RET_STMTSTMTS}FUNLIST#	余留符号串：returna+b;}#	语义栈:#

步骤24	当前分析栈:returnEXPR_STMTSTMTS}FUNLIST#	余留符号串：returna+b;}#	语义栈:#

步骤25	当前分析栈:EXPR_STMTSTMTS}FUNLIST#	余留符号串：a+b;}#	语义栈:#

步骤26	当前分析栈:EXPR;STMTS}FUNLIST#	余留符号串：a+b;}#	语义栈:#

步骤27	当前分析栈:FACTORFLIST;STMTS}FUNLIST#	余留符号串：a+b;}#	语义栈:#

步骤28	当前分析栈:idFLIST;STMTS}FUNLIST#	余留符号串：a+b;}#	语义栈:#

步骤29	当前分析栈:FLIST;STMTS}FUNLIST#	余留符号串：+b;}#	语义栈:#

步骤30	当前分析栈:+FACTORFLIST;STMTS}FUNLIST#	余留符号串：+b;}#	语义栈:#

步骤31	当前分析栈:FACTORFLIST;STMTS}FUNLIST#	余留符号串：b;}#	语义栈:#

步骤32	当前分析栈:idFLIST;STMTS}FUNLIST#	余留符号串：b;}#	语义栈:#

步骤33	当前分析栈:FLIST;STMTS}FUNLIST#	余留符号串：;}#	语义栈:#

步骤34	当前分析栈:;STMTS}FUNLIST#	余留符号串：;}#	语义栈:#

步骤35	当前分析栈:STMTS}FUNLIST#	余留符号串：}#	语义栈:#

步骤36	当前分析栈:}FUNLIST#	余留符号串：}#	语义栈:#

步骤37	当前分析栈:FUNLIST#	余留符号串：#	语义栈:#

步骤38	当前分析栈:#	余留符号串：#	语义栈:#

步骤39	
当前分析栈:	余留符号串：	语义栈:#


语法分析通过
